<?xml version="1.0" encoding="UTF-8"?>
<testng-results ignored="0" total="1" passed="1" failed="0" skipped="0">
  <reporter-output>
  </reporter-output>
  <suite started-at="2022-03-04T17:08:40 IST" name="Default suite" finished-at="2022-03-04T17:08:59 IST" duration-ms="19165">
    <groups>
    </groups>
    <test started-at="2022-03-04T17:08:40 IST" name="Default test" finished-at="2022-03-04T17:08:59 IST" duration-ms="19165">
      <class name="Test.logss">
        <test-method is-config="true" signature="opentheBrowser()[pri:0, instance:Test.logss@dc7df28]" started-at="2022-03-04T17:08:40 IST" name="opentheBrowser" finished-at="2022-03-04T17:08:52 IST" duration-ms="11910" status="PASS">
          <reporter-output>
          </reporter-output>
        </test-method> <!-- opentheBrowser -->
        <test-method signature="FbloginPageWithValidCredentials()[pri:0, instance:Test.logss@dc7df28]" started-at="2022-03-04T17:08:52 IST" name="FbloginPageWithValidCredentials" finished-at="2022-03-04T17:08:59 IST" duration-ms="6963" status="PASS">
          <reporter-output>
          </reporter-output>
        </test-method> <!-- FbloginPageWithValidCredentials -->
        <test-method is-config="true" signature="Screenshot()[pri:0, instance:Test.logss@dc7df28]" started-at="2022-03-04T17:08:59 IST" name="Screenshot" finished-at="2022-03-04T17:08:59 IST" duration-ms="214" status="PASS">
          <reporter-output>
          </reporter-output>
        </test-method> <!-- Screenshot -->
      </class> <!-- Test.logss -->
    </test> <!-- Default test -->
  </suite> <!-- Default suite -->
</testng-results>
